<?xml version="1.0" encoding="UTF-8"?>
<!-- Generated by org.testng.reporters.JUnitReportReporter -->
<testsuite hostname="Jesus" failures="0" tests="7" name="Runner_files.Signup_positive_scenario_runner" time="115.228" errors="0" timestamp="2021-04-26T21:21:14 IST" skipped="0">
  <testcase classname="Runner_files.Signup_positive_scenario_runner" name="runScenario" time="21.990"/>
  <system-out/>
  <testcase classname="Runner_files.Signup_positive_scenario_runner" name="runScenario" time="20.153"/>
  <system-out/>
  <testcase classname="Runner_files.Signup_positive_scenario_runner" name="runScenario" time="11.039"/>
  <system-out/>
  <testcase classname="Runner_files.Signup_positive_scenario_runner" name="runScenario" time="6.374"/>
  <system-out/>
  <testcase classname="Runner_files.Signup_positive_scenario_runner" name="runScenario" time="45.892"/>
  <system-out/>
  <testcase classname="Runner_files.Signup_positive_scenario_runner" name="runScenario" time="4.146"/>
  <system-out/>
  <testcase classname="Runner_files.Signup_positive_scenario_runner" name="runScenario" time="5.634"/>
  <system-out/>
</testsuite> <!-- Runner_files.Signup_positive_scenario_runner -->
