<?xml version="1.0" encoding="UTF-8"?>
<!-- Generated by org.testng.reporters.JUnitReportReporter -->
<testsuite hostname="DELL-L4N91MT" failures="0" tests="1" name="Runner_files.Signup_negative_scenario_runner" time="27.403" errors="0" timestamp="2021-04-23T20:51:29 IST" skipped="0">
  <testcase classname="Runner_files.Signup_negative_scenario_runner" name="runScenario" time="27.403"/>
  <system-out/>
</testsuite> <!-- Runner_files.Signup_negative_scenario_runner -->
